ITEM: TIMESTEP
0
ITEM: NUMBER OF ATOMS
10
ITEM: BOX BOUNDS ff ff ff
0.0000000000000000e+00 3.1305960336348480e+01
0.0000000000000000e+00 3.1305960336348480e+01
0.0000000000000000e+00 3.1305960336348480e+01
ITEM: ATOMS id x y z type
4 23.5901 19.5936 2.76448 1
7 5.53978 3.15384 5.53221 2
3 17.1819 10.0755 5.29699 1
2 15.2549 23.8407 5.58904 1
10 20.9055 11.3238 9.81426 2
9 25.9612 18.5325 13.2672 2
5 4.54242 20.5616 22.9134 1
1 12.0642 24.7713 23.9698 1
8 1.07703 6.87687 29.2008 2
6 29.1388 16.5274 29.2946 2
ITEM: TIMESTEP
10
ITEM: NUMBER OF ATOMS
10
ITEM: BOX BOUNDS ff ff ff
0.0000000000000000e+00 3.1305960336348480e+01
0.0000000000000000e+00 3.1305960336348480e+01
0.0000000000000000e+00 3.1305960336348480e+01
ITEM: ATOMS id x y z type
4 23.4297 19.5253 2.25954 1
7 5.26744 3.00033 4.67204 2
3 17.7436 10.3937 6.43426 1
2 15.5804 22.9092 5.50736 1
10 20.6965 11.4773 9.7177 2
9 25.941 18.9135 13.5391 2
5 3.75963 20.7819 23.8538 1
1 12.8343 25.5192 23.787 1
8 1.16056 6.38702 28.844 2
6 28.97 16.4539 28.9407 2
ITEM: TIMESTEP
20
ITEM: NUMBER OF ATOMS
10
ITEM: BOX BOUNDS ff ff ff
0.0000000000000000e+00 3.1305960336348480e+01
0.0000000000000000e+00 3.1305960336348480e+01
0.0000000000000000e+00 3.1305960336348480e+01
ITEM: ATOMS id x y z type
4 23.2699 19.4141 1.70753 1
7 5.02424 2.97062 3.9033 2
3 18.3867 10.6318 7.61964 1
2 15.843 21.8853 5.39575 1
10 20.5463 11.5774 9.5268 2
9 26.0106 19.2963 13.7576 2
5 3.00009 21.0291 24.9002 1
1 13.5109 26.2473 23.5077 1
8 1.2725 5.9521 28.4322 2
6 28.8314 16.4985 28.6472 2
ITEM: TIMESTEP
30
ITEM: NUMBER OF ATOMS
10
ITEM: BOX BOUNDS ff ff ff
0.0000000000000000e+00 3.1305960336348480e+01
0.0000000000000000e+00 3.1305960336348480e+01
0.0000000000000000e+00 3.1305960336348480e+01
ITEM: ATOMS id x y z type
4 23.0937 19.2033 1.03725 1
7 4.84833 3.00445 3.03966 2
3 19.0368 10.8769 8.77809 1
2 16.0081 20.9317 5.25767 1
10 20.3182 11.7757 9.41328 2
9 26.0661 19.5971 13.896 2
5 2.29939 21.3253 25.896 1
1 14.1667 26.9763 23.0848 1
8 1.33125 5.49197 28.0069 2
6 28.714 16.5082 28.4225 2
ITEM: TIMESTEP
40
ITEM: NUMBER OF ATOMS
10
ITEM: BOX BOUNDS ff ff ff
0.0000000000000000e+00 3.1305960336348480e+01
0.0000000000000000e+00 3.1305960336348480e+01
0.0000000000000000e+00 3.1305960336348480e+01
ITEM: ATOMS id x y z type
4 22.8088 18.8274 0.310828 1
7 4.6358 3.05794 2.15801 2
3 19.6826 11.0643 9.86617 1
2 16.1182 20.012 5.2028 1
10 19.9953 11.9818 9.34174 2
9 26.087 19.8838 14.1008 2
5 1.535 21.6993 26.9448 1
1 14.891 27.702 22.6492 1
8 1.34644 5.07339 27.6587 2
6 28.5269 16.4816 28.1976 2
ITEM: TIMESTEP
50
ITEM: NUMBER OF ATOMS
10
ITEM: BOX BOUNDS ff ff ff
0.0000000000000000e+00 3.1305960336348480e+01
0.0000000000000000e+00 3.1305960336348480e+01
0.0000000000000000e+00 3.1305960336348480e+01
ITEM: ATOMS id x y z type
4 22.5283 18.4391 0.331794 1
7 4.42751 3.13865 1.26916 2
3 20.3136 11.2048 10.9711 1
2 16.2251 19.1947 5.20314 1
10 19.754 12.185 9.269 2
9 26.136 20.1465 14.2629 2
5 0.776681 22.0699 28.0057 1
1 15.7033 28.4581 22.1853 1
8 1.372 4.71946 27.327 2
6 28.2798 16.4957 27.9768 2
ITEM: TIMESTEP
60
ITEM: NUMBER OF ATOMS
10
ITEM: BOX BOUNDS ff ff ff
0.0000000000000000e+00 3.1305960336348480e+01
0.0000000000000000e+00 3.1305960336348480e+01
0.0000000000000000e+00 3.1305960336348480e+01
ITEM: ATOMS id x y z type
4 22.2074 18.0238 0.93073 1
7 4.23105 3.22518 0.363969 2
3 20.9587 11.4384 12.0643 1
2 16.3114 18.4003 5.11214 1
10 19.592 12.4622 9.20029 2
9 26.2548 20.4183 14.3887 2
5 0.0368401 22.5476 29.018 1
1 16.554 29.3267 21.7487 1
8 1.36746 4.41619 26.9416 2
6 27.9717 16.6127 27.7656 2
ITEM: TIMESTEP
70
ITEM: NUMBER OF ATOMS
10
ITEM: BOX BOUNDS ff ff ff
0.0000000000000000e+00 3.1305960336348480e+01
0.0000000000000000e+00 3.1305960336348480e+01
0.0000000000000000e+00 3.1305960336348480e+01
ITEM: ATOMS id x y z type
4 21.9225 17.6592 1.46964 1
7 3.93922 3.32474 0.506304 2
3 21.594 11.683 13.1953 1
2 16.4358 17.6004 4.90784 1
10 19.5558 12.7619 9.16713 2
9 26.4535 20.728 14.4529 2
5 0.644589 23.0211 30.0633 1
1 17.3614 30.2629 21.3615 1
8 1.41606 4.11571 26.5771 2
6 27.7214 16.7283 27.5 2
ITEM: TIMESTEP
80
ITEM: NUMBER OF ATOMS
10
ITEM: BOX BOUNDS ff ff ff
0.0000000000000000e+00 3.1305960336348480e+01
0.0000000000000000e+00 3.1305960336348480e+01
0.0000000000000000e+00 3.1305960336348480e+01
ITEM: ATOMS id x y z type
4 21.589 17.3133 2.08709 1
7 3.59531 3.50687 1.33713 2
3 22.1809 11.8546 14.2286 1
2 16.5777 16.8514 4.67999 1
10 19.4339 13.1581 9.18172 2
9 26.6209 21.113 14.4722 2
5 1.30049 23.5546 31.1679 1
1 18.1885 31.1595 21.0398 1
8 1.39993 3.81617 26.2345 2
6 27.4579 16.8779 27.2766 2
ITEM: TIMESTEP
90
ITEM: NUMBER OF ATOMS
10
ITEM: BOX BOUNDS ff ff ff
0.0000000000000000e+00 3.1305960336348480e+01
0.0000000000000000e+00 3.1305960336348480e+01
0.0000000000000000e+00 3.1305960336348480e+01
ITEM: ATOMS id x y z type
4 21.211 16.9567 2.77377 1
7 3.22506 3.82117 2.11664 2
3 22.7128 11.9636 15.3536 1
2 16.7137 16.1073 4.38876 1
10 19.3865 13.5908 9.30702 2
9 26.6941 21.4504 14.586 2
5 2.00857 24.2372 30.3699 1
1 19.0489 30.5453 20.7042 1
8 1.39362 3.43652 25.9533 2
6 27.2382 16.9775 27.095 2
ITEM: TIMESTEP
100
ITEM: NUMBER OF ATOMS
10
ITEM: BOX BOUNDS ff ff ff
0.0000000000000000e+00 3.1305960336348480e+01
0.0000000000000000e+00 3.1305960336348480e+01
0.0000000000000000e+00 3.1305960336348480e+01
ITEM: ATOMS id x y z type
4 20.8389 16.6475 3.52811 1
7 2.85892 4.11793 2.93237 2
3 23.2473 12.0618 16.5958 1
2 16.7801 15.394 4.0971 1
10 19.3415 14.0572 9.4542 2
9 26.7455 21.8136 14.6204 2
5 2.77701 25.0235 29.3344 1
1 19.9748 29.6434 20.4497 1
8 1.5108 3.12533 25.6868 2
6 27.172 17.0645 26.7883 2
ITEM: TIMESTEP
110
ITEM: NUMBER OF ATOMS
10
ITEM: BOX BOUNDS ff ff ff
0.0000000000000000e+00 3.1305960336348480e+01
0.0000000000000000e+00 3.1305960336348480e+01
0.0000000000000000e+00 3.1305960336348480e+01
ITEM: ATOMS id x y z type
7 2.40989 4.33737 3.76013 2
2 16.8575 14.6414 3.7787 1
4 20.511 16.31 4.21122 1
10 19.2302 14.5333 9.585 2
9 26.7808 22.27 14.6595 2
3 23.754 12.1922 17.877 1
1 20.9746 28.7947 20.2098 1
8 1.73697 2.89665 25.3636 2
6 27.157 17.1158 26.4434 2
5 3.57144 25.8385 28.3328 1
ITEM: TIMESTEP
120
ITEM: NUMBER OF ATOMS
10
ITEM: BOX BOUNDS ff ff ff
0.0000000000000000e+00 3.1305960336348480e+01
0.0000000000000000e+00 3.1305960336348480e+01
0.0000000000000000e+00 3.1305960336348480e+01
ITEM: ATOMS id x y z type
7 1.95655 4.41701 4.59127 2
2 16.9501 13.8965 3.47661 1
4 20.1124 15.8476 4.8031 1
10 19.15 14.9987 9.66671 2
9 26.7178 22.7981 14.7089 2
3 24.1481 12.3156 19.1683 1
1 21.9143 27.9195 19.9609 1
8 1.98365 2.64054 25.0307 2
6 27.1064 17.0552 26.0656 2
5 4.28471 26.5626 27.3369 1
ITEM: TIMESTEP
130
ITEM: NUMBER OF ATOMS
10
ITEM: BOX BOUNDS ff ff ff
0.0000000000000000e+00 3.1305960336348480e+01
0.0000000000000000e+00 3.1305960336348480e+01
0.0000000000000000e+00 3.1305960336348480e+01
ITEM: ATOMS id x y z type
7 1.62112 4.44703 5.53112 2
2 17.0064 13.2152 3.13084 1
4 19.6837 15.3295 5.36813 1
10 19.0263 15.5141 9.72647 2
9 26.6213 23.2663 14.7655 2
3 24.4698 12.4403 20.4448 1
1 22.8863 27.0847 19.7752 1
8 2.33557 2.47937 24.6614 2
6 27.0803 16.9674 25.651 2
5 4.96485 27.3031 26.3653 1
ITEM: TIMESTEP
140
ITEM: NUMBER OF ATOMS
10
ITEM: BOX BOUNDS ff ff ff
0.0000000000000000e+00 3.1305960336348480e+01
0.0000000000000000e+00 3.1305960336348480e+01
0.0000000000000000e+00 3.1305960336348480e+01
ITEM: ATOMS id x y z type
7 1.19607 4.4558 6.50357 2
2 17.0596 12.5131 2.80857 1
4 19.3421 14.7359 5.85287 1
10 18.8618 15.9416 9.84544 2
9 26.3819 23.6655 14.8184 2
3 24.8149 12.6629 21.7276 1
1 23.8408 26.3565 19.6416 1
8 2.66205 2.30435 24.1999 2
6 27.2014 16.8573 25.2323 2
5 5.61423 28.1127 25.3638 1
ITEM: TIMESTEP
150
ITEM: NUMBER OF ATOMS
10
ITEM: BOX BOUNDS ff ff ff
0.0000000000000000e+00 3.1305960336348480e+01
0.0000000000000000e+00 3.1305960336348480e+01
0.0000000000000000e+00 3.1305960336348480e+01
ITEM: ATOMS id x y z type
7 0.846321 4.32512 7.43539 2
2 17.125 11.7067 2.46414 1
4 19.0005 14.1453 6.33847 1
10 18.677 16.3463 10.0363 2
9 26.088 24.1225 14.8713 2
3 25.1636 12.9293 23.0945 1
1 24.7322 25.7296 19.6085 1
8 3.03193 2.15253 23.7118 2
6 27.3722 16.6452 24.8701 2
5 6.37787 29.0109 24.3162 1
ITEM: TIMESTEP
160
ITEM: NUMBER OF ATOMS
10
ITEM: BOX BOUNDS ff ff ff
0.0000000000000000e+00 3.1305960336348480e+01
0.0000000000000000e+00 3.1305960336348480e+01
0.0000000000000000e+00 3.1305960336348480e+01
ITEM: ATOMS id x y z type
7 0.564153 4.21958 8.40589 2
2 17.2059 10.901 2.07547 1
4 18.6939 13.6405 6.82727 1
10 18.5587 16.768 10.2731 2
9 25.714 24.6706 15.0021 2
3 25.5523 13.2018 24.5066 1
1 25.5533 25.1663 19.5645 1
8 3.49234 2.02284 23.2406 2
6 27.4161 16.4031 24.3993 2
5 7.23708 29.9373 23.2418 1
ITEM: TIMESTEP
170
ITEM: NUMBER OF ATOMS
10
ITEM: BOX BOUNDS ff ff ff
0.0000000000000000e+00 3.1305960336348480e+01
0.0000000000000000e+00 3.1305960336348480e+01
0.0000000000000000e+00 3.1305960336348480e+01
ITEM: ATOMS id x y z type
7 0.332696 4.08354 9.44071 2
2 17.2222 10.1337 1.68656 1
4 18.4382 13.1597 7.33603 1
10 18.5489 17.2566 10.5065 2
9 25.2965 25.2645 15.1796 2
3 25.8865 13.5794 25.8299 1
1 26.4149 24.5995 19.5317 1
8 3.91731 1.91263 22.7554 2
6 27.4968 16.235 23.9282 2
5 8.13663 30.91 22.1734 1
ITEM: TIMESTEP
180
ITEM: NUMBER OF ATOMS
10
ITEM: BOX BOUNDS ff ff ff
0.0000000000000000e+00 3.1305960336348480e+01
0.0000000000000000e+00 3.1305960336348480e+01
0.0000000000000000e+00 3.1305960336348480e+01
ITEM: ATOMS id x y z type
7 0.0439717 3.9906 10.422 2
2 17.1797 9.35063 1.34739 1
4 18.0916 12.7909 7.84504 1
10 18.5891 17.7395 10.7861 2
9 24.9228 25.9137 15.3463 2
3 26.1743 13.9816 27.0952 1
1 27.3137 24.0734 19.4071 1
8 4.35406 1.82157 22.2835 2
6 27.5464 16.054 23.497 2
5 9.05887 30.7925 21.0975 1
ITEM: TIMESTEP
190
ITEM: NUMBER OF ATOMS
10
ITEM: BOX BOUNDS ff ff ff
0.0000000000000000e+00 3.1305960336348480e+01
0.0000000000000000e+00 3.1305960336348480e+01
0.0000000000000000e+00 3.1305960336348480e+01
ITEM: ATOMS id x y z type
7 0.240245 4.03091 11.3376 2
2 17.2381 8.55052 1.0963 1
4 17.6679 12.5246 8.24549 1
10 18.6949 18.3057 11.0249 2
9 24.5221 26.6118 15.5187 2
3 26.4643 14.3904 28.2822 1
1 28.1985 23.5665 19.2611 1
8 4.87674 1.63572 21.7231 2
6 27.4884 15.9334 23.1133 2
5 9.94637 29.9159 20.0057 1
ITEM: TIMESTEP
200
ITEM: NUMBER OF ATOMS
10
ITEM: BOX BOUNDS ff ff ff
0.0000000000000000e+00 3.1305960336348480e+01
0.0000000000000000e+00 3.1305960336348480e+01
0.0000000000000000e+00 3.1305960336348480e+01
ITEM: ATOMS id x y z type
7 0.561696 4.06619 12.2837 2
2 17.3248 7.75209 0.903995 1
4 17.2679 12.343 8.69101 1
10 18.8656 18.9489 11.2143 2
9 24.1876 27.3121 15.6644 2
3 26.7637 14.7879 29.3405 1
1 29.2289 23.1207 19.1044 1
8 5.46712 1.37452 21.1742 2
6 27.4388 15.8391 22.7098 2
5 10.7855 29.0205 18.8866 1
ITEM: TIMESTEP
210
ITEM: NUMBER OF ATOMS
10
ITEM: BOX BOUNDS ff ff ff
0.0000000000000000e+00 3.1305960336348480e+01
0.0000000000000000e+00 3.1305960336348480e+01
0.0000000000000000e+00 3.1305960336348480e+01
ITEM: ATOMS id x y z type
2 17.3955 6.78528 0.676675 1
4 16.7882 12.1808 9.18788 1
7 1.02539 3.99734 13.2352 2
10 19.0137 19.6232 11.4452 2
9 23.8203 28.0444 15.7914 2
1 30.3253 22.7565 18.8865 1
5 11.5691 28.0507 17.7673 1
8 5.99029 1.17147 20.7099 2
6 27.41 15.7081 22.2516 2
3 27.0556 15.1377 30.3697 1
ITEM: TIMESTEP
220
ITEM: NUMBER OF ATOMS
10
ITEM: BOX BOUNDS ff ff ff
0.0000000000000000e+00 3.1305960336348480e+01
0.0000000000000000e+00 3.1305960336348480e+01
0.0000000000000000e+00 3.1305960336348480e+01
ITEM: ATOMS id x y z type
2 17.4734 5.74935 0.528643 1
4 16.3605 11.9836 9.70787 1
7 1.50757 3.9143 14.0747 2
10 19.0964 20.3556 11.685 2
9 23.3696 28.7242 15.9156 2
1 31.211 22.2894 18.6917 1
5 12.3373 27.1156 16.5974 1
8 6.44755 1.01327 20.2364 2
6 27.4602 15.5671 21.7747 2
3 27.4277 15.4301 31.1057 1
ITEM: TIMESTEP
230
ITEM: NUMBER OF ATOMS
10
ITEM: BOX BOUNDS ff ff ff
0.0000000000000000e+00 3.1305960336348480e+01
0.0000000000000000e+00 3.1305960336348480e+01
0.0000000000000000e+00 3.1305960336348480e+01
ITEM: ATOMS id x y z type
2 17.7055 4.77965 0.454093 1
4 15.9325 11.7523 10.3384 1
7 1.9664 3.80641 14.8763 2
10 19.181 21.1317 11.8504 2
9 22.8415 29.4338 15.9626 2
1 30.0624 21.6659 18.6024 1
5 13.1454 26.283 15.4269 1
8 6.84756 0.842322 19.7352 2
6 27.5438 15.5208 21.2968 2
3 27.7523 15.7699 29.993 1
ITEM: TIMESTEP
240
ITEM: NUMBER OF ATOMS
10
ITEM: BOX BOUNDS ff ff ff
0.0000000000000000e+00 3.1305960336348480e+01
0.0000000000000000e+00 3.1305960336348480e+01
0.0000000000000000e+00 3.1305960336348480e+01
ITEM: ATOMS id x y z type
2 17.9584 3.83444 0.393858 1
4 15.4513 11.5478 10.968 1
7 2.36991 3.70044 15.7647 2
10 19.3059 21.9102 12.0056 2
9 22.2334 30.1197 16.0597 2
1 28.8628 20.9852 18.5269 1
5 13.917 25.4104 14.2416 1
8 7.17346 0.730759 19.2346 2
6 27.5871 15.4779 20.873 2
3 28.1385 16.2145 28.9305 1
ITEM: TIMESTEP
250
ITEM: NUMBER OF ATOMS
10
ITEM: BOX BOUNDS ff ff ff
0.0000000000000000e+00 3.1305960336348480e+01
0.0000000000000000e+00 3.1305960336348480e+01
0.0000000000000000e+00 3.1305960336348480e+01
ITEM: ATOMS id x y z type
2 18.156 2.84436 0.373558 1
4 14.9475 11.3999 11.5546 1
7 2.71938 3.67637 16.7011 2
10 19.4643 22.7245 12.2144 2
9 21.5498 30.7223 16.3099 2
1 27.6595 20.375 18.4098 1
5 14.5733 24.4492 13.0462 1
8 7.45763 0.617972 18.8364 2
6 27.7015 15.3489 20.4797 2
3 28.5479 16.6728 27.9283 1
ITEM: TIMESTEP
260
ITEM: NUMBER OF ATOMS
10
ITEM: BOX BOUNDS ff ff ff
0.0000000000000000e+00 3.1305960336348480e+01
0.0000000000000000e+00 3.1305960336348480e+01
0.0000000000000000e+00 3.1305960336348480e+01
ITEM: ATOMS id x y z type
2 18.3108 1.72016 0.387214 1
4 14.3922 11.2408 12.1381 1
7 3.03433 3.676 17.728 2
10 19.6159 23.5559 12.4602 2
9 20.8473 31.291 16.6665 2
1 26.4032 19.7695 18.3077 1
5 15.2233 23.422 11.781 1
8 7.7393 0.497243 18.4869 2
6 27.8863 15.1509 20.1511 2
3 28.9215 17.2251 26.9247 1
ITEM: TIMESTEP
270
ITEM: NUMBER OF ATOMS
10
ITEM: BOX BOUNDS ff ff ff
0.0000000000000000e+00 3.1305960336348480e+01
0.0000000000000000e+00 3.1305960336348480e+01
0.0000000000000000e+00 3.1305960336348480e+01
ITEM: ATOMS id x y z type
2 18.4084 0.610636 0.415913 1
4 13.8438 10.9774 12.7088 1
7 3.26418 3.51483 18.8198 2
10 19.8237 24.4822 12.6714 2
9 20.1091 30.7112 17.039 2
1 25.2181 19.2144 18.1859 1
5 15.9278 22.2791 10.5866 1
8 7.92522 0.334991 18.1743 2
6 28.0449 14.9555 19.792 2
3 29.335 17.8944 25.967 1
ITEM: TIMESTEP
280
ITEM: NUMBER OF ATOMS
10
ITEM: BOX BOUNDS ff ff ff
0.0000000000000000e+00 3.1305960336348480e+01
0.0000000000000000e+00 3.1305960336348480e+01
0.0000000000000000e+00 3.1305960336348480e+01
ITEM: ATOMS id x y z type
2 18.4683 0.539636 0.5972 1
4 13.2728 10.6565 13.2183 1
7 3.48499 3.30455 19.9126 2
10 20.169 25.4469 12.8964 2
9 19.3437 30.1712 17.372 2
1 23.9365 18.6204 18.023 1
5 16.5997 21.1805 9.30119 1
8 8.1191 0.16793 17.855 2
6 28.185 14.7098 19.3707 2
3 29.7617 18.6046 25.0075 1
ITEM: TIMESTEP
290
ITEM: NUMBER OF ATOMS
10
ITEM: BOX BOUNDS ff ff ff
0.0000000000000000e+00 3.1305960336348480e+01
0.0000000000000000e+00 3.1305960336348480e+01
0.0000000000000000e+00 3.1305960336348480e+01
ITEM: ATOMS id x y z type
2 18.5841 1.67969 0.67301 1
4 12.6257 10.3906 13.7859 1
7 3.71309 3.20604 20.8604 2
10 20.4832 26.4172 13.1657 2
9 18.544 29.6146 17.7729 2
1 22.5973 18.0289 17.8942 1
5 17.2268 20.1087 7.98103 1
8 8.34649 0.0221916 17.4842 2
6 28.3312 14.4441 18.8969 2
3 30.1428 19.2314 24.0629 1
ITEM: TIMESTEP
300
ITEM: NUMBER OF ATOMS
10
ITEM: BOX BOUNDS ff ff ff
0.0000000000000000e+00 3.1305960336348480e+01
0.0000000000000000e+00 3.1305960336348480e+01
0.0000000000000000e+00 3.1305960336348480e+01
ITEM: ATOMS id x y z type
2 18.6414 2.83442 0.729117 1
4 12.0291 10.1506 14.3949 1
7 3.83314 3.0901 21.7939 2
10 20.7392 27.4517 13.5566 2
9 17.7617 29.0763 18.1976 2
1 21.2935 17.543 17.8565 1
5 17.7982 19.0986 6.63469 1
8 8.52851 0.143586 17.1586 2
6 28.5311 14.2779 18.4571 2
3 30.5998 19.8482 23.1091 1
ITEM: TIMESTEP
310
ITEM: NUMBER OF ATOMS
10
ITEM: BOX BOUNDS ff ff ff
0.0000000000000000e+00 3.1305960336348480e+01
0.0000000000000000e+00 3.1305960336348480e+01
0.0000000000000000e+00 3.1305960336348480e+01
ITEM: ATOMS id x y z type
2 18.713 3.97786 0.889832 1
5 18.3839 18.1195 5.29365 1
4 11.3774 9.88671 15.0235 1
10 20.9091 28.3679 13.9542 2
8 8.73235 0.328459 16.8464 2
1 20.0535 17.185 17.7986 1
9 17.0368 28.5941 18.6563 2
6 28.7225 14.1223 17.9899 2
7 3.93129 3.00669 22.7046 2
3 31.1405 20.4386 22.1434 1
ITEM: TIMESTEP
320
ITEM: NUMBER OF ATOMS
10
ITEM: BOX BOUNDS ff ff ff
0.0000000000000000e+00 3.1305960336348480e+01
0.0000000000000000e+00 3.1305960336348480e+01
0.0000000000000000e+00 3.1305960336348480e+01
ITEM: ATOMS id x y z type
2 18.7425 5.20879 1.00672 1
5 18.9576 17.1107 3.88768 1
4 10.6762 9.64341 15.5581 1
10 20.985 29.3234 14.2864 2
8 8.91385 0.501168 16.5634 2
1 18.841 16.8357 17.7657 1
9 16.4221 28.1288 19.0508 2
6 28.851 13.9254 17.4277 2
7 4.09679 2.99784 23.7067 2
3 30.9045 20.9414 21.2218 1
ITEM: TIMESTEP
330
ITEM: NUMBER OF ATOMS
10
ITEM: BOX BOUNDS ff ff ff
0.0000000000000000e+00 3.1305960336348480e+01
0.0000000000000000e+00 3.1305960336348480e+01
0.0000000000000000e+00 3.1305960336348480e+01
ITEM: ATOMS id x y z type
2 18.7384 6.52526 1.16185 1
5 19.6039 16.0912 2.57117 1
4 9.98582 9.40302 16.1059 1
10 21.0373 30.185 14.5759 2
8 8.98688 0.625831 16.2225 2
1 17.6032 16.4838 17.7093 1
9 15.9294 27.7284 19.3416 2
6 28.9736 13.6239 16.8632 2
7 4.37175 2.98817 24.8201 2
3 30.4141 21.4004 20.2445 1
ITEM: TIMESTEP
340
ITEM: NUMBER OF ATOMS
10
ITEM: BOX BOUNDS ff ff ff
0.0000000000000000e+00 3.1305960336348480e+01
0.0000000000000000e+00 3.1305960336348480e+01
0.0000000000000000e+00 3.1305960336348480e+01
ITEM: ATOMS id x y z type
2 18.6969 7.78239 1.28879 1
5 20.24 15.0344 1.34909 1
4 9.25723 9.24303 16.6903 1
10 21.0406 31.0292 14.8275 2
8 9.15554 0.794021 15.9462 2
1 16.4187 16.107 17.6381 1
9 15.4147 27.3219 19.5747 2
6 29.142 13.3439 16.2685 2
7 4.64054 2.95753 25.9988 2
3 29.8785 21.7873 19.2908 1
ITEM: TIMESTEP
350
ITEM: NUMBER OF ATOMS
10
ITEM: BOX BOUNDS ff ff ff
0.0000000000000000e+00 3.1305960336348480e+01
0.0000000000000000e+00 3.1305960336348480e+01
0.0000000000000000e+00 3.1305960336348480e+01
ITEM: ATOMS id x y z type
2 18.6026 9.07435 1.26715 1
5 20.7753 13.8776 0.0514703 1
4 8.49065 9.12612 17.4214 1
10 20.993 30.6813 15.1581 2
8 9.3128 0.89818 15.7196 2
1 15.2816 15.7255 17.6609 1
9 14.9457 26.9651 19.746 2
6 29.4104 13.0701 15.7293 2
7 4.89789 2.86115 27.1429 2
3 29.3002 22.2659 18.407 1
ITEM: TIMESTEP
360
ITEM: NUMBER OF ATOMS
10
ITEM: BOX BOUNDS ff ff ff
0.0000000000000000e+00 3.1305960336348480e+01
0.0000000000000000e+00 3.1305960336348480e+01
0.0000000000000000e+00 3.1305960336348480e+01
ITEM: ATOMS id x y z type
2 18.5644 10.3649 1.19025 1
5 21.3 12.657 1.27989 1
4 7.82098 8.96278 18.2658 1
10 20.9263 29.8534 15.6304 2
8 9.31232 1.06554 15.5077 2
1 14.1299 15.3747 17.8045 1
9 14.4229 26.5593 19.9129 2
6 29.5859 12.8799 15.0551 2
7 5.22425 2.72771 28.2451 2
3 28.7272 22.668 17.4237 1
ITEM: TIMESTEP
370
ITEM: NUMBER OF ATOMS
10
ITEM: BOX BOUNDS ff ff ff
0.0000000000000000e+00 3.1305960336348480e+01
0.0000000000000000e+00 3.1305960336348480e+01
0.0000000000000000e+00 3.1305960336348480e+01
ITEM: ATOMS id x y z type
2 18.5321 11.733 1.14896 1
5 21.838 11.4586 2.59538 1
4 7.17348 8.68172 19.1587 1
10 20.8012 29.0771 16.1741 2
8 9.34943 1.29222 15.399 2
1 12.955 15.0005 18.0163 1
9 13.8878 26.1956 20.0553 2
6 29.8014 12.7555 14.2053 2
7 5.51205 2.59327 29.3832 2
3 28.1191 22.9533 16.3571 1
ITEM: TIMESTEP
380
ITEM: NUMBER OF ATOMS
10
ITEM: BOX BOUNDS ff ff ff
0.0000000000000000e+00 3.1305960336348480e+01
0.0000000000000000e+00 3.1305960336348480e+01
0.0000000000000000e+00 3.1305960336348480e+01
ITEM: ATOMS id x y z type
2 18.5526 13.0795 1.20176 1
5 22.4309 10.3384 3.81947 1
4 6.40704 8.42362 20.0522 1
10 20.6189 28.3303 16.6578 2
8 9.36654 1.52764 15.2669 2
1 11.7022 14.551 18.3473 1
9 13.4244 25.8033 20.2308 2
6 30.0749 12.682 13.2573 2
7 5.7187 2.4561 30.6461 2
3 27.4988 23.1561 15.2858 1
ITEM: TIMESTEP
390
ITEM: NUMBER OF ATOMS
10
ITEM: BOX BOUNDS ff ff ff
0.0000000000000000e+00 3.1305960336348480e+01
0.0000000000000000e+00 3.1305960336348480e+01
0.0000000000000000e+00 3.1305960336348480e+01
ITEM: ATOMS id x y z type
2 18.5585 14.3884 1.26371 1
5 23.0345 9.22775 5.11908 1
4 5.57983 8.15598 20.8611 1
10 20.4145 27.5823 17.0106 2
8 9.34288 1.71987 15.0136 2
1 10.5043 14.1596 18.7716 1
9 13.005 25.2678 20.3231 2
6 30.2994 12.5643 12.2956 2
7 5.8461 2.40892 30.6567 2
3 26.9115 23.3664 14.1408 1
ITEM: TIMESTEP
400
ITEM: NUMBER OF ATOMS
10
ITEM: BOX BOUNDS ff ff ff
0.0000000000000000e+00 3.1305960336348480e+01
0.0000000000000000e+00 3.1305960336348480e+01
0.0000000000000000e+00 3.1305960336348480e+01
ITEM: ATOMS id x y z type
2 18.4819 15.6756 1.36395 1
5 23.5936 8.2075 6.42593 1
4 4.71244 7.94159 21.692 1
10 20.1849 26.7774 17.3001 2
8 9.29672 1.85607 14.6801 2
1 9.26645 13.8052 19.2559 1
9 12.6766 24.7202 20.4947 2
6 30.5205 12.3748 11.4263 2
7 5.87268 2.3994 29.303 2
3 26.2607 23.5679 13.0288 1
ITEM: TIMESTEP
410
ITEM: NUMBER OF ATOMS
10
ITEM: BOX BOUNDS ff ff ff
0.0000000000000000e+00 3.1305960336348480e+01
0.0000000000000000e+00 3.1305960336348480e+01
0.0000000000000000e+00 3.1305960336348480e+01
ITEM: ATOMS id x y z type
2 18.4588 17.126 1.44764 1
5 24.0963 7.31937 7.65421 1
6 30.7854 12.1703 10.6031 2
3 25.5917 23.7781 11.9043 1
8 9.33003 2.03721 14.309 2
10 19.9698 26.0242 17.5279 2
1 8.04195 13.4609 19.7597 1
9 12.3308 24.1958 20.7115 2
4 3.78834 7.70408 22.6396 1
7 5.9654 2.53929 27.9658 2
ITEM: TIMESTEP
420
ITEM: NUMBER OF ATOMS
10
ITEM: BOX BOUNDS ff ff ff
0.0000000000000000e+00 3.1305960336348480e+01
0.0000000000000000e+00 3.1305960336348480e+01
0.0000000000000000e+00 3.1305960336348480e+01
ITEM: ATOMS id x y z type
2 18.4118 18.6106 1.50493 1
5 24.5439 6.48744 8.92371 1
6 31.1192 11.9483 9.80335 2
3 24.9019 23.977 10.7986 1
8 9.44262 2.31764 13.908 2
10 19.8672 25.3224 17.7221 2
1 6.7795 13.1802 20.3339 1
9 11.8477 23.6768 20.8337 2
4 2.81558 7.44593 23.5874 1
7 6.12964 2.80385 26.7137 2
ITEM: TIMESTEP
430
ITEM: NUMBER OF ATOMS
10
ITEM: BOX BOUNDS ff ff ff
0.0000000000000000e+00 3.1305960336348480e+01
0.0000000000000000e+00 3.1305960336348480e+01
0.0000000000000000e+00 3.1305960336348480e+01
ITEM: ATOMS id x y z type
2 18.298 20.0839 1.53145 1
5 25.0084 5.60823 10.1744 1
6 31.208 11.8105 9.00046 2
3 24.2786 24.1333 9.83048 1
8 9.54532 2.68508 13.4039 2
10 19.7532 24.5727 18.0007 2
1 5.48806 12.8397 20.8915 1
9 11.2644 23.1734 21.0223 2
4 1.82484 7.13825 24.5726 1
7 6.30406 3.06037 25.5401 2
ITEM: TIMESTEP
440
ITEM: NUMBER OF ATOMS
10
ITEM: BOX BOUNDS ff ff ff
0.0000000000000000e+00 3.1305960336348480e+01
0.0000000000000000e+00 3.1305960336348480e+01
0.0000000000000000e+00 3.1305960336348480e+01
ITEM: ATOMS id x y z type
2 18.0851 21.5522 1.4944 1
5 25.5111 4.74039 11.3335 1
6 30.8129 11.7078 8.25545 2
3 23.5907 24.276 8.94082 1
8 9.70691 3.08528 12.8444 2
10 19.5512 23.7122 18.2699 2
1 4.27349 12.4293 21.4268 1
9 10.8228 22.6568 21.2442 2
4 0.85681 6.82995 25.5095 1
7 6.46797 3.2788 24.3345 2
ITEM: TIMESTEP
450
ITEM: NUMBER OF ATOMS
10
ITEM: BOX BOUNDS ff ff ff
0.0000000000000000e+00 3.1305960336348480e+01
0.0000000000000000e+00 3.1305960336348480e+01
0.0000000000000000e+00 3.1305960336348480e+01
ITEM: ATOMS id x y z type
2 17.7494 23.016 1.392 1
5 26.0546 3.94435 12.3646 1
6 30.4111 11.5814 7.52761 2
3 22.9108 24.3509 7.94713 1
8 9.78051 3.51046 12.2424 2
10 19.3295 22.8509 18.5603 2
1 3.07758 12.0714 21.9101 1
9 10.3964 22.1557 21.4131 2
4 0.0726076 6.51635 26.3977 1
7 6.58557 3.49249 23.2596 2
ITEM: TIMESTEP
460
ITEM: NUMBER OF ATOMS
10
ITEM: BOX BOUNDS ff ff ff
0.0000000000000000e+00 3.1305960336348480e+01
0.0000000000000000e+00 3.1305960336348480e+01
0.0000000000000000e+00 3.1305960336348480e+01
ITEM: ATOMS id x y z type
2 17.3659 24.4666 1.26563 1
5 26.7001 3.24284 13.4444 1
6 30.0204 11.4793 6.79577 2
3 22.2657 24.3983 6.90707 1
8 9.85699 3.89981 11.5426 2
10 19.1661 21.9639 18.822 2
1 1.90203 11.6818 22.295 1
9 9.96554 21.6751 21.6146 2
4 0.941995 6.26617 27.2313 1
7 6.70599 3.71344 22.254 2
ITEM: TIMESTEP
470
ITEM: NUMBER OF ATOMS
10
ITEM: BOX BOUNDS ff ff ff
0.0000000000000000e+00 3.1305960336348480e+01
0.0000000000000000e+00 3.1305960336348480e+01
0.0000000000000000e+00 3.1305960336348480e+01
ITEM: ATOMS id x y z type
2 16.9782 25.9524 1.15285 1
5 27.3483 2.66356 14.5347 1
6 29.667 11.3854 6.08976 2
3 21.6579 24.3409 5.78811 1
8 9.92116 4.32107 10.7812 2
10 19.0479 20.9696 19.1001 2
1 0.766948 11.3466 22.5497 1
9 9.51598 21.0726 21.7946 2
4 1.85418 6.03618 28.0537 1
7 6.85004 3.88872 21.1536 2
ITEM: TIMESTEP
480
ITEM: NUMBER OF ATOMS
10
ITEM: BOX BOUNDS ff ff ff
0.0000000000000000e+00 3.1305960336348480e+01
0.0000000000000000e+00 3.1305960336348480e+01
0.0000000000000000e+00 3.1305960336348480e+01
ITEM: ATOMS id x y z type
2 16.5929 27.3553 1.08532 1
5 28.0416 2.14157 15.6169 1
6 29.3917 11.2871 5.4372 2
3 21.0423 24.3237 4.69475 1
8 9.86502 4.65578 9.97433 2
10 18.8946 19.9177 19.3716 2
1 0.344734 11.0075 22.7075 1
9 9.12035 20.423 21.9127 2
4 2.66679 5.91192 28.9427 1
7 7.0142 4.03127 20.0037 2
ITEM: TIMESTEP
490
ITEM: NUMBER OF ATOMS
10
ITEM: BOX BOUNDS ff ff ff
0.0000000000000000e+00 3.1305960336348480e+01
0.0000000000000000e+00 3.1305960336348480e+01
0.0000000000000000e+00 3.1305960336348480e+01
ITEM: ATOMS id x y z type
2 16.2079 28.7496 1.09586 1
5 28.7706 1.64933 16.7554 1
6 29.0597 11.12 4.84075 2
3 20.408 24.3569 3.66079 1
8 9.79663 4.97767 9.23294 2
10 18.7573 18.8913 19.6169 2
1 1.4575 10.655 22.7445 1
9 8.78783 19.8127 21.9086 2
4 3.27177 5.75528 29.8156 1
7 7.11743 4.0683 18.8788 2
ITEM: TIMESTEP
500
ITEM: NUMBER OF ATOMS
10
ITEM: BOX BOUNDS ff ff ff
0.0000000000000000e+00 3.1305960336348480e+01
0.0000000000000000e+00 3.1305960336348480e+01
0.0000000000000000e+00 3.1305960336348480e+01
ITEM: ATOMS id x y z type
2 15.9131 30.0896 1.14675 1
5 29.4866 1.1181 17.9333 1
6 28.7511 10.9737 4.28269 2
3 19.7164 24.3232 2.71345 1
8 9.75374 5.34857 8.52622 2
10 18.6437 17.8309 19.7499 2
1 2.6139 10.3018 22.6129 1
9 8.47652 19.1906 21.8901 2
4 3.88736 5.53413 30.7028 1
7 7.19813 3.99598 17.8332 2
ITEM: TIMESTEP
510
ITEM: NUMBER OF ATOMS
10
ITEM: BOX BOUNDS ff ff ff
0.0000000000000000e+00 3.1305960336348480e+01
0.0000000000000000e+00 3.1305960336348480e+01
0.0000000000000000e+00 3.1305960336348480e+01
ITEM: ATOMS id x y z type
2 15.6961 31.2171 1.25025 1
6 28.3832 10.8513 3.82542 2
3 19.1059 24.3121 1.80337 1
8 9.6943 5.62873 7.87362 2
5 30.0663 0.528144 19.1546 1
7 7.16811 4.0004 16.7823 2
10 18.5623 16.7659 19.8183 2
1 3.77119 9.8679 22.4048 1
9 8.21092 18.6246 21.9091 2
4 4.57803 5.2153 30.9268 1
ITEM: TIMESTEP
520
ITEM: NUMBER OF ATOMS
10
ITEM: BOX BOUNDS ff ff ff
0.0000000000000000e+00 3.1305960336348480e+01
0.0000000000000000e+00 3.1305960336348480e+01
0.0000000000000000e+00 3.1305960336348480e+01
ITEM: ATOMS id x y z type
2 15.5154 29.939 1.38168 1
6 27.9359 10.7512 3.28793 2
3 18.5078 24.3437 0.997489 1
8 9.65703 5.78031 7.18875 2
5 30.6426 0.0608729 20.3109 1
7 7.16864 4.18127 15.7332 2
10 18.5364 15.7354 19.8555 2
1 4.92885 9.42254 22.2521 1
9 8.07771 18.0699 21.9665 2
4 5.33771 4.90461 30.0234 1
ITEM: TIMESTEP
530
ITEM: NUMBER OF ATOMS
10
ITEM: BOX BOUNDS ff ff ff
0.0000000000000000e+00 3.1305960336348480e+01
0.0000000000000000e+00 3.1305960336348480e+01
0.0000000000000000e+00 3.1305960336348480e+01
ITEM: ATOMS id x y z type
2 15.3959 28.7124 1.52343 1
6 27.5066 10.6747 2.72876 2
3 17.8416 24.3952 0.182307 1
8 9.65901 5.84615 6.51891 2
5 31.268 0.657675 21.4494 1
7 7.22044 4.23416 14.6889 2
10 18.5131 14.7626 19.9121 2
1 6.12748 8.88933 22.1436 1
9 7.98159 17.4605 22.0836 2
4 6.24839 4.57593 29.1378 1
ITEM: TIMESTEP
540
ITEM: NUMBER OF ATOMS
10
ITEM: BOX BOUNDS ff ff ff
0.0000000000000000e+00 3.1305960336348480e+01
0.0000000000000000e+00 3.1305960336348480e+01
0.0000000000000000e+00 3.1305960336348480e+01
ITEM: ATOMS id x y z type
2 15.4301 27.5846 1.72553 1
6 27.1946 10.5784 2.12503 2
3 17.2003 24.3758 0.652351 1
8 9.68216 5.92713 5.84004 2
5 30.7324 1.26435 22.5359 1
7 7.34998 4.37749 13.7349 2
10 18.4928 13.7658 19.9601 2
1 7.35579 8.31834 22.0669 1
9 7.99329 16.8456 22.172 2
4 7.19414 4.18937 28.2398 1
ITEM: TIMESTEP
550
ITEM: NUMBER OF ATOMS
10
ITEM: BOX BOUNDS ff ff ff
0.0000000000000000e+00 3.1305960336348480e+01
0.0000000000000000e+00 3.1305960336348480e+01
0.0000000000000000e+00 3.1305960336348480e+01
ITEM: ATOMS id x y z type
2 15.5247 26.4158 1.84399 1
6 26.8396 10.498 1.4902 2
3 16.5574 24.3891 1.48183 1
8 9.70865 6.06844 5.09443 2
5 30.1885 1.89875 23.6327 1
7 7.56729 4.53893 12.8315 2
10 18.3897 12.7817 19.8963 2
1 8.58802 7.61546 21.9573 1
9 8.03318 16.263 22.303 2
4 8.06553 3.83314 27.433 1
ITEM: TIMESTEP
560
ITEM: NUMBER OF ATOMS
10
ITEM: BOX BOUNDS ff ff ff
0.0000000000000000e+00 3.1305960336348480e+01
0.0000000000000000e+00 3.1305960336348480e+01
0.0000000000000000e+00 3.1305960336348480e+01
ITEM: ATOMS id x y z type
2 15.6126 25.2261 1.89781 1
6 26.4035 10.3851 0.889529 2
3 15.9517 24.459 2.2672 1
8 9.77606 6.13158 4.34255 2
5 29.6643 2.56927 24.7306 1
7 7.89034 4.75615 11.911 2
10 18.202 11.799 19.9254 2
1 9.79385 6.81101 21.7828 1
9 8.0789 15.7377 22.5289 2
4 8.92339 3.49758 26.7323 1
ITEM: TIMESTEP
570
ITEM: NUMBER OF ATOMS
10
ITEM: BOX BOUNDS ff ff ff
0.0000000000000000e+00 3.1305960336348480e+01
0.0000000000000000e+00 3.1305960336348480e+01
0.0000000000000000e+00 3.1305960336348480e+01
ITEM: ATOMS id x y z type
2 15.6754 24.0238 1.90851 1
6 26.0324 10.247 0.368711 2
3 15.3872 24.4868 3.02412 1
8 9.86624 6.16403 3.65882 2
5 29.144 3.34647 25.8891 1
7 8.26415 5.00229 10.9838 2
10 18.0077 10.7944 20.0656 2
1 10.9555 5.98924 21.5809 1
9 8.18867 15.2507 22.8734 2
4 9.7656 3.24163 26.0833 1
ITEM: TIMESTEP
580
ITEM: NUMBER OF ATOMS
10
ITEM: BOX BOUNDS ff ff ff
0.0000000000000000e+00 3.1305960336348480e+01
0.0000000000000000e+00 3.1305960336348480e+01
0.0000000000000000e+00 3.1305960336348480e+01
ITEM: ATOMS id x y z type
2 15.6116 22.8503 1.8908 1
6 25.6895 10.1366 0.100762 2
3 14.8757 24.5437 3.73976 1
8 9.94682 6.16604 3.03475 2
5 28.6003 4.13714 27.0121 1
7 8.73461 5.22945 10.0427 2
10 17.7398 9.77407 20.2004 2
1 12.1515 5.24257 21.4523 1
9 8.39801 14.9157 23.1784 2
4 10.5871 2.99069 25.5287 1
ITEM: TIMESTEP
590
ITEM: NUMBER OF ATOMS
10
ITEM: BOX BOUNDS ff ff ff
0.0000000000000000e+00 3.1305960336348480e+01
0.0000000000000000e+00 3.1305960336348480e+01
0.0000000000000000e+00 3.1305960336348480e+01
ITEM: ATOMS id x y z type
2 15.6076 21.7462 1.90117 1
6 25.3173 10.0376 0.628865 2
3 14.3917 24.5786 4.44049 1
8 9.9776 6.18648 2.36239 2
5 28.1069 4.91397 28.0768 1
7 9.26623 5.40275 9.14473 2
10 17.3536 8.75985 20.2657 2
1 13.2553 4.60048 21.3041 1
9 8.59884 14.6938 23.413 2
4 11.3867 2.72259 24.9682 1
ITEM: TIMESTEP
600
ITEM: NUMBER OF ATOMS
10
ITEM: BOX BOUNDS ff ff ff
0.0000000000000000e+00 3.1305960336348480e+01
0.0000000000000000e+00 3.1305960336348480e+01
0.0000000000000000e+00 3.1305960336348480e+01
ITEM: ATOMS id x y z type
2 15.5629 20.744 2.00825 1
6 24.9341 9.89277 1.13101 2
3 14.0131 24.6508 5.13384 1
8 10.0465 6.18785 1.77417 2
5 27.6581 5.68867 29.1308 1
7 9.7072 5.64761 8.28323 2
10 16.8697 7.6868 20.2923 2
1 14.4546 3.86684 21.1034 1
9 8.81974 14.4236 23.6146 2
4 12.2744 2.43794 24.4675 1
ITEM: TIMESTEP
610
ITEM: NUMBER OF ATOMS
10
ITEM: BOX BOUNDS ff ff ff
0.0000000000000000e+00 3.1305960336348480e+01
0.0000000000000000e+00 3.1305960336348480e+01
0.0000000000000000e+00 3.1305960336348480e+01
ITEM: ATOMS id x y z type
8 10.1536 6.26779 1.18462 2
6 24.65 9.6297 1.66957 2
2 15.5081 19.6885 2.12061 1
3 13.588 24.7709 5.84871 1
7 10.1488 5.87573 7.50545 2
10 16.384 6.50155 20.4139 2
1 15.7373 3.22646 20.8153 1
4 13.1769 2.14441 23.9744 1
9 9.08573 14.1332 23.8484 2
5 27.1947 6.49698 30.1367 1
ITEM: TIMESTEP
620
ITEM: NUMBER OF ATOMS
10
ITEM: BOX BOUNDS ff ff ff
0.0000000000000000e+00 3.1305960336348480e+01
0.0000000000000000e+00 3.1305960336348480e+01
0.0000000000000000e+00 3.1305960336348480e+01
ITEM: ATOMS id x y z type
8 10.2477 6.31995 0.586229 2
6 24.4226 9.35802 2.1759 2
2 15.3332 18.6103 2.25057 1
3 13.1336 24.8678 6.52935 1
7 10.6031 6.09132 6.6921 2
10 15.9334 5.39162 20.5136 2
1 17.0162 2.5827 20.5171 1
4 14.021 1.77225 23.5022 1
9 9.40358 13.8172 23.99 2
5 26.7925 7.25971 31.18 1
ITEM: TIMESTEP
630
ITEM: NUMBER OF ATOMS
10
ITEM: BOX BOUNDS ff ff ff
0.0000000000000000e+00 3.1305960336348480e+01
0.0000000000000000e+00 3.1305960336348480e+01
0.0000000000000000e+00 3.1305960336348480e+01
ITEM: ATOMS id x y z type
8 10.2568 6.41067 0.104658 2
6 24.1454 9.00027 2.62132 2
2 15.1506 17.5712 2.38154 1
3 12.6342 24.9689 7.24852 1
7 11.0872 6.34412 5.9044 2
10 15.4928 4.28436 20.6181 2
1 18.3221 1.91013 20.1392 1
4 14.7504 1.39278 22.9546 1
9 9.68017 13.5342 24.1611 2
5 26.418 7.86434 30.4014 1
ITEM: TIMESTEP
640
ITEM: NUMBER OF ATOMS
10
ITEM: BOX BOUNDS ff ff ff
0.0000000000000000e+00 3.1305960336348480e+01
0.0000000000000000e+00 3.1305960336348480e+01
0.0000000000000000e+00 3.1305960336348480e+01
ITEM: ATOMS id x y z type
8 10.2517 6.56311 0.800988 2
6 23.8794 8.62225 2.99809 2
2 15.0375 16.4994 2.53898 1
3 12.2073 25.1389 7.91897 1
7 11.731 6.60976 5.24894 2
10 15.0545 3.19808 20.6386 2
1 19.6508 1.34355 19.7789 1
4 15.4537 1.04661 22.4119 1
9 9.92352 13.203 24.4157 2
5 26.0654 8.51515 29.2946 1
ITEM: TIMESTEP
650
ITEM: NUMBER OF ATOMS
10
ITEM: BOX BOUNDS ff ff ff
0.0000000000000000e+00 3.1305960336348480e+01
0.0000000000000000e+00 3.1305960336348480e+01
0.0000000000000000e+00 3.1305960336348480e+01
ITEM: ATOMS id x y z type
8 10.3386 6.68235 1.47001 2
6 23.6351 8.26019 3.32615 2
2 14.8134 15.3769 2.75893 1
3 11.8446 25.2805 8.62463 1
7 12.3586 6.90493 4.64647 2
10 14.6688 2.13776 20.6453 2
1 20.9806 0.782301 19.4744 1
4 16.1256 0.704818 21.89 1
9 10.2342 12.7984 24.757 2
5 25.6788 9.16872 28.1985 1
ITEM: TIMESTEP
660
ITEM: NUMBER OF ATOMS
10
ITEM: BOX BOUNDS ff ff ff
0.0000000000000000e+00 3.1305960336348480e+01
0.0000000000000000e+00 3.1305960336348480e+01
0.0000000000000000e+00 3.1305960336348480e+01
ITEM: ATOMS id x y z type
8 10.3534 6.77021 2.11865 2
6 23.2654 7.95349 3.71039 2
2 14.6588 14.3091 3.07223 1
3 11.4592 25.4096 9.39941 1
7 13.0463 7.18124 3.95232 2
10 14.2716 1.12577 20.6108 2
1 22.3493 0.263029 19.0508 1
4 16.7719 0.344564 21.3713 1
9 10.6372 12.3567 25.0379 2
5 25.395 9.86722 27.1621 1
ITEM: TIMESTEP
670
ITEM: NUMBER OF ATOMS
10
ITEM: BOX BOUNDS ff ff ff
0.0000000000000000e+00 3.1305960336348480e+01
0.0000000000000000e+00 3.1305960336348480e+01
0.0000000000000000e+00 3.1305960336348480e+01
ITEM: ATOMS id x y z type
8 10.2638 6.84292 2.74166 2
6 22.9643 7.71893 4.15108 2
2 14.498 13.2533 3.5195 1
3 11.0783 25.6076 10.1542 1
7 13.7554 7.34274 3.33874 2
10 13.9151 0.190236 20.5651 2
1 23.6421 0.25935 18.5748 1
4 17.2963 0.0558286 20.8496 1
9 11.0267 11.795 25.3234 2
5 25.136 10.5524 26.157 1
ITEM: TIMESTEP
680
ITEM: NUMBER OF ATOMS
10
ITEM: BOX BOUNDS ff ff ff
0.0000000000000000e+00 3.1305960336348480e+01
0.0000000000000000e+00 3.1305960336348480e+01
0.0000000000000000e+00 3.1305960336348480e+01
ITEM: ATOMS id x y z type
8 10.1388 6.90433 3.31248 2
6 22.7293 7.60447 4.51877 2
2 14.2922 12.1991 4.08084 1
3 10.6342 25.898 10.8984 1
7 14.3954 7.49658 2.77727 2
10 13.6236 0.601214 20.5445 2
1 24.9191 0.744496 18.0872 1
4 17.7571 0.222115 20.4205 1
9 11.4402 11.3084 25.5654 2
5 24.7452 11.2119 25.0899 1
ITEM: TIMESTEP
690
ITEM: NUMBER OF ATOMS
10
ITEM: BOX BOUNDS ff ff ff
0.0000000000000000e+00 3.1305960336348480e+01
0.0000000000000000e+00 3.1305960336348480e+01
0.0000000000000000e+00 3.1305960336348480e+01
ITEM: ATOMS id x y z type
8 10.0073 6.99701 3.87438 2
6 22.543 7.42317 4.88998 2
2 14.0941 11.0895 4.724 1
3 10.2281 26.146 11.6317 1
7 15.0733 7.63679 2.18805 2
10 13.3769 1.33974 20.5637 2
1 26.1339 1.34263 17.585 1
4 18.1339 0.411701 20.0481 1
9 11.7835 10.8222 25.7637 2
5 24.3131 11.7488 23.9659 1
ITEM: TIMESTEP
700
ITEM: NUMBER OF ATOMS
10
ITEM: BOX BOUNDS ff ff ff
0.0000000000000000e+00 3.1305960336348480e+01
0.0000000000000000e+00 3.1305960336348480e+01
0.0000000000000000e+00 3.1305960336348480e+01
ITEM: ATOMS id x y z type
8 9.81917 7.16628 4.44069 2
6 22.353 7.24794 5.30294 2
2 13.8212 10.0812 5.41412 1
3 9.81071 26.5151 12.3315 1
7 15.7661 7.73512 1.5798 2
10 13.1577 2.12748 20.5228 2
1 27.3336 1.89137 16.9802 1
4 18.4745 0.520952 19.698 1
9 12.1072 10.3449 25.9066 2
5 23.7845 12.2788 22.8691 1
ITEM: TIMESTEP
710
ITEM: NUMBER OF ATOMS
10
ITEM: BOX BOUNDS ff ff ff
0.0000000000000000e+00 3.1305960336348480e+01
0.0000000000000000e+00 3.1305960336348480e+01
0.0000000000000000e+00 3.1305960336348480e+01
ITEM: ATOMS id x y z type
7 16.4977 7.87113 0.978444 2
8 9.59803 7.38826 4.98609 2
6 22.2007 7.14488 5.7483 2
2 13.4464 9.11598 6.19931 1
3 9.41061 26.9389 12.9493 1
1 28.3871 2.34693 16.3442 1
10 12.9484 2.89746 20.4444 2
4 18.8817 0.591619 19.3763 1
5 23.1968 12.8545 21.7345 1
9 12.4846 9.88783 26.1001 2
ITEM: TIMESTEP
720
ITEM: NUMBER OF ATOMS
10
ITEM: BOX BOUNDS ff ff ff
0.0000000000000000e+00 3.1305960336348480e+01
0.0000000000000000e+00 3.1305960336348480e+01
0.0000000000000000e+00 3.1305960336348480e+01
ITEM: ATOMS id x y z type
7 17.3092 8.05162 0.477105 2
8 9.33288 7.57444 5.52885 2
6 22.0403 7.05338 6.12902 2
2 12.9596 8.07234 7.07519 1
3 9.05064 27.4124 13.4957 1
1 29.3883 2.76267 15.7308 1
10 12.713 3.69892 20.3173 2
4 19.3521 0.659939 19.0713 1
5 22.5708 13.5158 20.5874 1
9 12.8322 9.35673 26.2694 2
ITEM: TIMESTEP
730
ITEM: NUMBER OF ATOMS
10
ITEM: BOX BOUNDS ff ff ff
0.0000000000000000e+00 3.1305960336348480e+01
0.0000000000000000e+00 3.1305960336348480e+01
0.0000000000000000e+00 3.1305960336348480e+01
ITEM: ATOMS id x y z type
7 18.2083 8.20456 0.0116157 2
8 8.97974 7.77522 5.95153 2
6 21.8835 7.05856 6.48253 2
2 12.4807 7.00788 7.91721 1
3 8.6021 27.8612 14.037 1
1 30.3933 3.28641 15.1585 1
10 12.5185 4.56224 20.2051 2
4 19.7855 0.736158 18.7409 1
5 21.9468 14.1642 19.4824 1
9 13.1233 8.88514 26.485 2
ITEM: TIMESTEP
740
ITEM: NUMBER OF ATOMS
10
ITEM: BOX BOUNDS ff ff ff
0.0000000000000000e+00 3.1305960336348480e+01
0.0000000000000000e+00 3.1305960336348480e+01
0.0000000000000000e+00 3.1305960336348480e+01
ITEM: ATOMS id x y z type
7 19.1669 8.35653 0.557188 2
8 8.61984 8.05615 6.35579 2
6 21.7512 7.05961 6.81698 2
2 12.042 5.99432 8.80057 1
3 8.12239 28.2176 14.5529 1
1 31.2928 3.8884 14.6203 1
10 12.2703 5.42232 20.0462 2
4 20.1931 0.802343 18.5039 1
5 21.396 14.8271 18.4776 1
9 13.3835 8.52899 26.7132 2
ITEM: TIMESTEP
750
ITEM: NUMBER OF ATOMS
10
ITEM: BOX BOUNDS ff ff ff
0.0000000000000000e+00 3.1305960336348480e+01
0.0000000000000000e+00 3.1305960336348480e+01
0.0000000000000000e+00 3.1305960336348480e+01
ITEM: ATOMS id x y z type
7 20.1661 8.46585 1.13903 2
8 8.26658 8.29449 6.71238 2
6 21.6748 7.13799 7.14376 2
2 11.6271 4.94576 9.66134 1
3 7.5959 28.5826 15.0531 1
1 30.3509 4.50947 14.2063 1
10 11.9614 6.27489 19.7799 2
4 20.5569 0.966076 18.3096 1
5 20.892 15.535 17.5174 1
9 13.6018 8.25878 26.913 2
ITEM: TIMESTEP
760
ITEM: NUMBER OF ATOMS
10
ITEM: BOX BOUNDS ff ff ff
0.0000000000000000e+00 3.1305960336348480e+01
0.0000000000000000e+00 3.1305960336348480e+01
0.0000000000000000e+00 3.1305960336348480e+01
ITEM: ATOMS id x y z type
7 21.2129 8.58993 1.76708 2
8 7.91408 8.47154 7.04544 2
6 21.6429 7.26247 7.45313 2
2 11.19 3.89707 10.413 1
3 7.09479 28.9319 15.6206 1
1 29.3823 5.10018 13.8052 1
10 11.6662 7.01355 19.5496 2
4 20.8563 1.17503 18.195 1
5 20.4069 16.3978 16.4702 1
9 13.826 8.02601 27.1205 2
ITEM: TIMESTEP
770
ITEM: NUMBER OF ATOMS
10
ITEM: BOX BOUNDS ff ff ff
0.0000000000000000e+00 3.1305960336348480e+01
0.0000000000000000e+00 3.1305960336348480e+01
0.0000000000000000e+00 3.1305960336348480e+01
ITEM: ATOMS id x y z type
7 22.2758 8.70505 2.3715 2
8 7.4717 8.64461 7.38063 2
6 21.6795 7.37113 7.8055 2
2 10.7044 2.89044 11.1329 1
3 6.70162 29.2121 16.2394 1
1 28.4562 5.68491 13.4293 1
10 11.2569 7.61039 19.343 2
4 21.1584 1.29135 18.1872 1
5 19.9131 17.2749 15.4228 1
9 13.9771 7.86645 27.2931 2
ITEM: TIMESTEP
780
ITEM: NUMBER OF ATOMS
10
ITEM: BOX BOUNDS ff ff ff
0.0000000000000000e+00 3.1305960336348480e+01
0.0000000000000000e+00 3.1305960336348480e+01
0.0000000000000000e+00 3.1305960336348480e+01
ITEM: ATOMS id x y z type
7 23.2852 8.83087 2.99937 2
8 6.95906 8.8437 7.67588 2
6 21.754 7.5969 8.12323 2
2 10.1708 1.92257 11.8803 1
3 6.25276 29.436 16.7962 1
1 27.5921 6.34183 13.1197 1
10 10.9797 8.21579 19.1371 2
4 21.3996 1.33828 18.1533 1
5 19.5103 18.0512 14.4095 1
9 14.0327 7.75311 27.3855 2
ITEM: TIMESTEP
790
ITEM: NUMBER OF ATOMS
10
ITEM: BOX BOUNDS ff ff ff
0.0000000000000000e+00 3.1305960336348480e+01
0.0000000000000000e+00 3.1305960336348480e+01
0.0000000000000000e+00 3.1305960336348480e+01
ITEM: ATOMS id x y z type
7 24.3697 8.97566 3.59362 2
8 6.49372 9.05362 7.93495 2
6 21.8384 7.87491 8.44209 2
2 9.59289 0.950627 12.4428 1
3 5.74577 29.657 17.3092 1
1 26.7726 6.99466 12.7592 1
10 10.8073 8.75284 18.886 2
4 21.5999 1.48088 18.1422 1
5 19.1238 18.7873 13.3724 1
9 14.0986 7.58852 27.4754 2
ITEM: TIMESTEP
800
ITEM: NUMBER OF ATOMS
10
ITEM: BOX BOUNDS ff ff ff
0.0000000000000000e+00 3.1305960336348480e+01
0.0000000000000000e+00 3.1305960336348480e+01
0.0000000000000000e+00 3.1305960336348480e+01
ITEM: ATOMS id x y z type
7 25.3855 9.07574 4.13855 2
8 6.08628 9.27474 8.18644 2
6 21.8691 8.18724 8.83003 2
2 9.01049 0.0837345 12.9148 1
3 5.28089 29.8539 17.8178 1
1 25.9681 7.59738 12.4917 1
10 10.5983 9.26813 18.6988 2
4 21.7338 1.6167 18.0406 1
5 18.6746 19.4125 12.3098 1
9 14.2411 7.39179 27.6301 2
ITEM: TIMESTEP
810
ITEM: NUMBER OF ATOMS
10
ITEM: BOX BOUNDS ff ff ff
0.0000000000000000e+00 3.1305960336348480e+01
0.0000000000000000e+00 3.1305960336348480e+01
0.0000000000000000e+00 3.1305960336348480e+01
ITEM: ATOMS id x y z type
7 26.3282 9.1452 4.66885 2
8 5.71805 9.52521 8.45553 2
6 21.9269 8.53391 9.24056 2
2 8.4798 1.08998 13.3801 1
1 25.2107 8.27712 12.2654 1
5 18.1863 19.9477 11.2589 1
4 21.8944 1.78441 17.9499 1
3 4.7705 30.0294 18.4038 1
10 10.3524 9.77455 18.5793 2
9 14.3756 7.2127 27.8124 2
ITEM: TIMESTEP
820
ITEM: NUMBER OF ATOMS
10
ITEM: BOX BOUNDS ff ff ff
0.0000000000000000e+00 3.1305960336348480e+01
0.0000000000000000e+00 3.1305960336348480e+01
0.0000000000000000e+00 3.1305960336348480e+01
ITEM: ATOMS id x y z type
7 27.2646 9.12252 5.1789 2
8 5.35598 9.8777 8.77841 2
6 22.1415 8.83564 9.71855 2
2 7.97886 2.06679 13.8509 1
1 24.4467 9.0618 12.0358 1
5 17.6847 20.5183 10.1632 1
4 22.1151 1.99335 17.9305 1
3 4.18629 30.2095 18.9466 1
10 10.2018 10.2825 18.4575 2
9 14.5178 7.11821 27.9149 2
ITEM: TIMESTEP
830
ITEM: NUMBER OF ATOMS
10
ITEM: BOX BOUNDS ff ff ff
0.0000000000000000e+00 3.1305960336348480e+01
0.0000000000000000e+00 3.1305960336348480e+01
0.0000000000000000e+00 3.1305960336348480e+01
ITEM: ATOMS id x y z type
7 28.1698 9.12768 5.70281 2
8 5.14114 10.3596 9.17928 2
6 22.3549 9.10825 10.2558 2
2 7.45124 2.99149 14.2926 1
1 23.756 9.85168 11.7995 1
5 17.1159 21.0678 9.08929 1
4 22.2232 2.18879 18.0666 1
3 3.58624 30.3525 19.4829 1
10 9.99713 10.7199 18.282 2
9 14.6706 6.99086 27.9472 2
ITEM: TIMESTEP
840
ITEM: NUMBER OF ATOMS
10
ITEM: BOX BOUNDS ff ff ff
0.0000000000000000e+00 3.1305960336348480e+01
0.0000000000000000e+00 3.1305960336348480e+01
0.0000000000000000e+00 3.1305960336348480e+01
ITEM: ATOMS id x y z type
7 29.1154 9.19702 6.31528 2
8 5.02936 10.9109 9.56311 2
6 22.4797 9.39154 10.6996 2
2 6.87695 3.8751 14.8487 1
1 23.0087 10.6438 11.6266 1
5 16.6187 21.571 7.90448 1
4 22.2596 2.39194 18.3008 1
3 2.92248 30.5021 20.0347 1
10 9.73575 11.1734 18.1235 2
9 14.9094 6.93256 27.8346 2
ITEM: TIMESTEP
850
ITEM: NUMBER OF ATOMS
10
ITEM: BOX BOUNDS ff ff ff
0.0000000000000000e+00 3.1305960336348480e+01
0.0000000000000000e+00 3.1305960336348480e+01
0.0000000000000000e+00 3.1305960336348480e+01
ITEM: ATOMS id x y z type
7 30.1735 9.16407 6.87517 2
8 4.97441 11.3696 9.94747 2
6 22.5789 9.62759 11.2252 2
2 6.29013 4.5677 15.3378 1
1 22.2184 11.4064 11.3937 1
5 16.2186 22.0597 6.61186 1
4 22.2725 2.60638 18.6051 1
3 2.28084 30.701 20.7315 1
10 9.51278 11.717 17.9361 2
9 15.2155 6.8952 27.7339 2
ITEM: TIMESTEP
860
ITEM: NUMBER OF ATOMS
10
ITEM: BOX BOUNDS ff ff ff
0.0000000000000000e+00 3.1305960336348480e+01
0.0000000000000000e+00 3.1305960336348480e+01
0.0000000000000000e+00 3.1305960336348480e+01
ITEM: ATOMS id x y z type
7 31.2365 9.22124 7.36317 2
8 4.85405 11.8613 10.3337 2
6 22.6121 9.85864 11.8519 2
2 5.71783 5.21792 15.776 1
1 21.4041 12.1847 11.0977 1
5 15.8683 22.5919 5.31233 1
4 22.2356 2.77429 18.8135 1
3 1.64292 30.9525 21.429 1
10 9.2726 12.2662 17.8053 2
9 15.4747 6.9355 27.624 2
ITEM: TIMESTEP
870
ITEM: NUMBER OF ATOMS
10
ITEM: BOX BOUNDS ff ff ff
0.0000000000000000e+00 3.1305960336348480e+01
0.0000000000000000e+00 3.1305960336348480e+01
0.0000000000000000e+00 3.1305960336348480e+01
ITEM: ATOMS id x y z type
7 30.2993 9.36927 7.83605 2
8 4.76224 12.3566 10.6975 2
6 22.5773 10.0889 12.5235 2
2 5.16387 5.90331 16.2787 1
1 20.7002 12.9849 10.7228 1
5 15.5568 23.1527 4.11637 1
4 22.2434 2.92938 19.0364 1
3 0.977213 31.1811 22.0366 1
10 8.88214 12.7545 17.7218 2
9 15.7397 7.03585 27.4648 2
ITEM: TIMESTEP
880
ITEM: NUMBER OF ATOMS
10
ITEM: BOX BOUNDS ff ff ff
0.0000000000000000e+00 3.1305960336348480e+01
0.0000000000000000e+00 3.1305960336348480e+01
0.0000000000000000e+00 3.1305960336348480e+01
ITEM: ATOMS id x y z type
7 29.2021 9.54123 8.23125 2
8 4.66662 12.8462 10.9942 2
6 22.5498 10.4052 13.1398 2
2 4.60991 6.65002 16.7544 1
1 20.0007 13.7311 10.3132 1
5 15.2947 23.644 2.90697 1
4 22.3235 3.12446 19.2652 1
3 0.353887 31.2255 22.5712 1
10 8.39571 13.2036 17.7032 2
9 16.0612 7.07069 27.2393 2
ITEM: TIMESTEP
890
ITEM: NUMBER OF ATOMS
10
ITEM: BOX BOUNDS ff ff ff
0.0000000000000000e+00 3.1305960336348480e+01
0.0000000000000000e+00 3.1305960336348480e+01
0.0000000000000000e+00 3.1305960336348480e+01
ITEM: ATOMS id x y z type
7 28.07 9.68945 8.57205 2
8 4.59206 13.3638 11.3282 2
6 22.5166 10.8346 13.8187 2
2 4.01179 7.36866 17.2802 1
1 19.2424 14.5445 9.87658 1
5 15.1365 24.2199 1.73695 1
4 22.4113 3.22528 19.4535 1
3 0.217481 31.0007 23.0746 1
10 7.95367 13.6134 17.7929 2
9 16.4604 7.04433 27.0628 2
ITEM: TIMESTEP
900
ITEM: NUMBER OF ATOMS
10
ITEM: BOX BOUNDS ff ff ff
0.0000000000000000e+00 3.1305960336348480e+01
0.0000000000000000e+00 3.1305960336348480e+01
0.0000000000000000e+00 3.1305960336348480e+01
ITEM: ATOMS id x y z type
7 26.9633 9.8968 8.87787 2
8 4.57513 13.9048 11.6445 2
6 22.3795 11.2934 14.457 2
2 3.54486 8.20037 17.908 1
1 18.5054 15.3838 9.50413 1
5 15.1379 24.8534 0.624287 1
4 22.3706 3.25979 19.7527 1
3 0.821601 30.7505 23.6006 1
10 7.52091 14.1086 17.9655 2
9 16.9038 7.05655 26.9243 2
ITEM: TIMESTEP
910
ITEM: NUMBER OF ATOMS
10
ITEM: BOX BOUNDS ff ff ff
0.0000000000000000e+00 3.1305960336348480e+01
0.0000000000000000e+00 3.1305960336348480e+01
0.0000000000000000e+00 3.1305960336348480e+01
ITEM: ATOMS id x y z type
5 15.1617 25.5738 0.476601 1
7 25.8349 10.0693 9.18673 2
1 17.824 16.3006 9.12963 1
8 4.49082 14.3129 12.025 2
6 22.2873 11.7725 15.0978 2
2 3.16549 9.12417 18.5971 1
10 7.16522 14.5807 18.2008 2
4 22.3185 3.33299 20.1348 1
3 1.44148 30.4569 24.1674 1
9 17.3728 7.17687 26.8191 2
ITEM: TIMESTEP
920
ITEM: NUMBER OF ATOMS
10
ITEM: BOX BOUNDS ff ff ff
0.0000000000000000e+00 3.1305960336348480e+01
0.0000000000000000e+00 3.1305960336348480e+01
0.0000000000000000e+00 3.1305960336348480e+01
ITEM: ATOMS id x y z type
5 15.0785 26.3636 1.55857 1
7 24.7036 10.1811 9.43722 2
1 17.202 17.3231 8.80346 1
8 4.41558 14.6637 12.4357 2
6 22.3377 12.2005 15.7363 2
2 2.79123 10.0866 19.2264 1
10 6.93257 15.1117 18.4509 2
4 22.315 3.37085 20.6163 1
3 2.04769 30.1957 24.6663 1
9 17.7987 7.32909 26.6551 2
ITEM: TIMESTEP
930
ITEM: NUMBER OF ATOMS
10
ITEM: BOX BOUNDS ff ff ff
0.0000000000000000e+00 3.1305960336348480e+01
0.0000000000000000e+00 3.1305960336348480e+01
0.0000000000000000e+00 3.1305960336348480e+01
ITEM: ATOMS id x y z type
5 14.9597 27.1616 2.62918 1
7 23.6158 10.28 9.72728 2
1 16.5865 18.3545 8.45567 1
8 4.35102 14.9781 12.8723 2
6 22.4878 12.6558 16.286 2
2 2.45605 11.0878 19.9131 1
10 6.72969 15.7343 18.7772 2
4 22.3552 3.40064 21.0065 1
3 2.66381 29.9925 25.1316 1
9 18.1872 7.44318 26.4297 2
ITEM: TIMESTEP
940
ITEM: NUMBER OF ATOMS
10
ITEM: BOX BOUNDS ff ff ff
0.0000000000000000e+00 3.1305960336348480e+01
0.0000000000000000e+00 3.1305960336348480e+01
0.0000000000000000e+00 3.1305960336348480e+01
ITEM: ATOMS id x y z type
5 14.8375 28.0137 3.55787 1
7 22.5385 10.4738 10.0122 2
1 15.9984 19.3286 8.11722 1
8 4.28889 15.3408 13.4191 2
6 22.7261 13.179 16.7651 2
2 2.19849 12.1644 20.5072 1
10 6.66466 16.4233 19.1532 2
4 22.3796 3.3875 21.2969 1
3 3.26475 29.8683 25.595 1
9 18.6684 7.5681 26.221 2
ITEM: TIMESTEP
950
ITEM: NUMBER OF ATOMS
10
ITEM: BOX BOUNDS ff ff ff
0.0000000000000000e+00 3.1305960336348480e+01
0.0000000000000000e+00 3.1305960336348480e+01
0.0000000000000000e+00 3.1305960336348480e+01
ITEM: ATOMS id x y z type
5 14.7517 28.9292 4.34401 1
7 21.482 10.6224 10.3745 2
1 15.4587 20.2724 7.8336 1
8 4.27888 15.7535 14.0317 2
6 23.0384 13.5846 17.1911 2
2 2.00377 13.2028 20.9519 1
10 6.63881 17.1318 19.5518 2
4 22.3877 3.35621 21.5355 1
3 3.91343 29.7665 26.0593 1
9 19.1863 7.79862 26.016 2
ITEM: TIMESTEP
960
ITEM: NUMBER OF ATOMS
10
ITEM: BOX BOUNDS ff ff ff
0.0000000000000000e+00 3.1305960336348480e+01
0.0000000000000000e+00 3.1305960336348480e+01
0.0000000000000000e+00 3.1305960336348480e+01
ITEM: ATOMS id x y z type
5 14.6162 29.7973 5.1104 1
7 20.3194 10.7638 10.759 2
1 15.0588 21.2033 7.66486 1
8 4.17089 16.1802 14.705 2
6 23.3566 14.0264 17.5893 2
2 1.81783 14.1529 21.3506 1
10 6.54911 17.7346 20.0421 2
4 22.3888 3.3208 21.7518 1
3 4.58146 29.7047 26.4651 1
9 19.7478 8.06696 25.7909 2
ITEM: TIMESTEP
970
ITEM: NUMBER OF ATOMS
10
ITEM: BOX BOUNDS ff ff ff
0.0000000000000000e+00 3.1305960336348480e+01
0.0000000000000000e+00 3.1305960336348480e+01
0.0000000000000000e+00 3.1305960336348480e+01
ITEM: ATOMS id x y z type
5 14.3676 30.7556 5.84487 1
7 19.1011 10.8835 11.055 2
1 14.7152 22.1094 7.63153 1
8 3.97509 16.682 15.295 2
6 23.6455 14.4291 18.1083 2
2 1.64553 15.09 21.8761 1
10 6.42164 18.3375 20.5241 2
4 22.4382 3.4216 21.9362 1
3 5.25035 29.6067 26.8944 1
9 20.4562 8.36864 25.5358 2
ITEM: TIMESTEP
980
ITEM: NUMBER OF ATOMS
10
ITEM: BOX BOUNDS ff ff ff
0.0000000000000000e+00 3.1305960336348480e+01
0.0000000000000000e+00 3.1305960336348480e+01
0.0000000000000000e+00 3.1305960336348480e+01
ITEM: ATOMS id x y z type
5 14.1677 31.0141 6.57912 1
7 17.8462 11.1074 11.2916 2
1 14.3134 22.9538 7.58995 1
8 3.84664 17.247 15.9297 2
6 23.9254 14.9414 18.7166 2
2 1.48371 15.9909 22.4751 1
10 6.352 18.871 21.0057 2
4 22.5409 3.53651 22.0513 1
3 5.89449 29.3759 27.2773 1
9 21.3395 8.59033 25.3281 2
ITEM: TIMESTEP
990
ITEM: NUMBER OF ATOMS
10
ITEM: BOX BOUNDS ff ff ff
0.0000000000000000e+00 3.1305960336348480e+01
0.0000000000000000e+00 3.1305960336348480e+01
0.0000000000000000e+00 3.1305960336348480e+01
ITEM: ATOMS id x y z type
5 14.0277 30.2867 7.36603 1
7 16.6817 11.3382 11.5353 2
1 13.9449 23.7848 7.56439 1
8 3.69307 17.7926 16.5573 2
6 24.239 15.5552 19.351 2
2 1.30117 16.8801 23.0949 1
10 6.33204 19.4943 21.5207 2
4 22.4934 3.63824 22.1472 1
3 6.55753 29.0959 27.5511 1
9 22.3667 8.81208 25.0939 2
ITEM: TIMESTEP
1000
ITEM: NUMBER OF ATOMS
10
ITEM: BOX BOUNDS ff ff ff
0.0000000000000000e+00 3.1305960336348480e+01
0.0000000000000000e+00 3.1305960336348480e+01
0.0000000000000000e+00 3.1305960336348480e+01
ITEM: ATOMS id x y z type
1 13.5427 24.6373 7.61058 1
5 14.038 29.4735 8.23796 1
7 15.6192 11.5821 11.8454 2
8 3.48081 18.4502 17.2286 2
6 24.5245 16.2693 19.9992 2
4 22.3077 3.68618 22.1423 1
10 6.32199 20.1253 22.0999 2
9 23.3872 9.04931 24.8268 2
2 1.19117 17.7647 23.6988 1
3 7.24854 28.8479 27.7637 1
